CyclingApp/app/build/intermediates/manifest_merge_blame_file/debug/manifest-merger-blame-debug-report.txt
1<?xml version="1.0" encoding="utf-8"?>
2<manifest xmlns:android="http://schemas.android.com/apk/res/android"
3    package="com.example.cyclingapp"
4    android:versionCode="1"
5    android:versionName="1.0" >
6
7    <uses-sdk
8        android:minSdkVersion="24"
8-->src\main\AndroidManifest.xml
9        android:targetSdkVersion="33" />
9-->src\main\AndroidManifest.xml
10
11    <uses-permission android:name="android.permission.INTERNET" />
11-->src\main\AndroidManifest.xml:5:5-67
11-->src\main\AndroidManifest.xml:5:22-64
12    <uses-permission android:name="android.permission.ACCESS_FINE_LOCATION" />
12-->src\main\AndroidManifest.xml:6:5-79
12-->src\main\AndroidManifest.xml:6:22-76
13    <uses-permission android:name="android.permission.ACCESS_COARSE_LOCATION" />
13-->src\main\AndroidManifest.xml:7:5-81
13-->src\main\AndroidManifest.xml:7:22-78
14    <uses-permission android:name="android.permission.ACCESS_FINE_LOCATION" />
14-->src\main\AndroidManifest.xml:6:5-79
14-->src\main\AndroidManifest.xml:6:22-76
15    <uses-permission android:name="android.permission.ACCESS_NETWORK_STATE" /> <!-- Used to check if a browser is available before launching phone auth -->
15-->[com.firebaseui:firebase-ui-auth:8.0.2] AndroidManifest.xml:10:5-79
15-->[com.firebaseui:firebase-ui-auth:8.0.2] AndroidManifest.xml:10:22-76
16    <!-- See ui/phone/PhoneNumberVerificationHandler.isBrowserAvailable() -->
17    <queries>
17-->[com.firebaseui:firebase-ui-auth:8.0.2] AndroidManifest.xml:15:5-23:15
18        <intent>
18-->[com.firebaseui:firebase-ui-auth:8.0.2] AndroidManifest.xml:16:9-22:18
19            <action android:name="android.intent.action.VIEW" />
19-->[com.firebaseui:firebase-ui-auth:8.0.2] AndroidManifest.xml:17:13-65
19-->[com.firebaseui:firebase-ui-auth:8.0.2] AndroidManifest.xml:17:21-62
20
21            <category android:name="android.intent.category.BROWSABLE" />
21-->[com.firebaseui:firebase-ui-auth:8.0.2] AndroidManifest.xml:19:13-74
21-->[com.firebaseui:firebase-ui-auth:8.0.2] AndroidManifest.xml:19:23-71
22
23            <data android:scheme="http" />
23-->[com.firebaseui:firebase-ui-auth:8.0.2] AndroidManifest.xml:21:13-43
23-->[com.firebaseui:firebase-ui-auth:8.0.2] AndroidManifest.xml:21:19-40
24        </intent>
25        <!-- Needs to be explicitly declared on Android R+ -->
26        <package android:name="com.google.android.apps.maps" />
26-->[com.google.android.gms:play-services-maps:18.1.0] AndroidManifest.xml:33:9-64
26-->[com.google.android.gms:play-services-maps:18.1.0] AndroidManifest.xml:33:18-61
27    </queries>
28
29    <uses-feature
29-->[com.google.android.gms:play-services-maps:18.1.0] AndroidManifest.xml:26:5-28:35
30        android:glEsVersion="0x00020000"
30-->[com.google.android.gms:play-services-maps:18.1.0] AndroidManifest.xml:27:9-41
31        android:required="true" />
31-->[com.google.android.gms:play-services-maps:18.1.0] AndroidManifest.xml:28:9-32
32
33    <permission
33-->[androidx.core:core:1.9.0] AndroidManifest.xml:22:5-24:47
34        android:name="com.example.cyclingapp.DYNAMIC_RECEIVER_NOT_EXPORTED_PERMISSION"
34-->[androidx.core:core:1.9.0] AndroidManifest.xml:23:9-81
35        android:protectionLevel="signature" />
35-->[androidx.core:core:1.9.0] AndroidManifest.xml:24:9-44
36
37    <uses-permission android:name="com.example.cyclingapp.DYNAMIC_RECEIVER_NOT_EXPORTED_PERMISSION" />
37-->[androidx.core:core:1.9.0] AndroidManifest.xml:26:5-97
37-->[androidx.core:core:1.9.0] AndroidManifest.xml:26:22-94
38
39    <application
39-->src\main\AndroidManifest.xml:10:5-55:19
40        android:allowBackup="true"
40-->src\main\AndroidManifest.xml:11:9-35
41        android:appComponentFactory="androidx.core.app.CoreComponentFactory"
41-->[androidx.core:core:1.9.0] AndroidManifest.xml:28:18-86
42        android:dataExtractionRules="@xml/data_extraction_rules"
42-->src\main\AndroidManifest.xml:12:9-65
43        android:debuggable="true"
44        android:extractNativeLibs="false"
45        android:fullBackupContent="@xml/backup_rules"
45-->src\main\AndroidManifest.xml:13:9-54
46        android:icon="@mipmap/ic_launcher"
46-->src\main\AndroidManifest.xml:14:9-43
47        android:label="@string/app_name"
47-->src\main\AndroidManifest.xml:15:9-41
48        android:supportsRtl="true"
48-->src\main\AndroidManifest.xml:16:9-35
49        android:testOnly="true"
50        android:theme="@style/Theme.CyclingApp" >
50-->src\main\AndroidManifest.xml:17:9-48
51        <meta-data
51-->src\main\AndroidManifest.xml:21:9-23:47
52            android:name="com.google.android.geo.API_KEY"
52-->src\main\AndroidManifest.xml:22:13-58
53            android:value="@string/map_key" />
53-->src\main\AndroidManifest.xml:23:13-44
54
55        <activity
55-->src\main\AndroidManifest.xml:25:9-27:44
56            android:name="com.example.cyclingapp.CreateEventActivity"
56-->src\main\AndroidManifest.xml:26:13-48
57            android:label="Create Event" />
57-->src\main\AndroidManifest.xml:27:13-41
58        <activity
58-->src\main\AndroidManifest.xml:29:9-31:45
59            android:name="com.example.cyclingapp.CurrentEvent"
59-->src\main\AndroidManifest.xml:30:13-41
60            android:label="Current Event" />
60-->src\main\AndroidManifest.xml:31:13-42
61        <activity
61-->src\main\AndroidManifest.xml:33:9-35:45
62            android:name="com.example.cyclingapp.EventDetails"
62-->src\main\AndroidManifest.xml:34:13-41
63            android:label="Event Details" />
63-->src\main\AndroidManifest.xml:35:13-42
64        <activity
64-->src\main\AndroidManifest.xml:37:9-39:45
65            android:name="com.example.cyclingapp.EventDetails2"
65-->src\main\AndroidManifest.xml:38:13-42
66            android:label="Event Details" />
66-->src\main\AndroidManifest.xml:39:13-42
67        <activity
67-->src\main\AndroidManifest.xml:41:9-43:40
68            android:name="com.example.cyclingapp.HomeActivity"
68-->src\main\AndroidManifest.xml:42:13-41
69            android:exported="false" />
69-->src\main\AndroidManifest.xml:43:13-37
70        <activity
70-->src\main\AndroidManifest.xml:44:9-54:20
71            android:name="com.example.cyclingapp.MainActivity"
71-->src\main\AndroidManifest.xml:45:13-41
72            android:exported="true"
72-->src\main\AndroidManifest.xml:46:13-36
73            android:label="@string/app_name"
73-->src\main\AndroidManifest.xml:47:13-45
74            android:theme="@style/Theme.CyclingApp.NoActionBar" >
74-->src\main\AndroidManifest.xml:48:13-64
75            <intent-filter>
75-->src\main\AndroidManifest.xml:49:13-53:29
76                <action android:name="android.intent.action.MAIN" />
76-->src\main\AndroidManifest.xml:50:17-69
76-->src\main\AndroidManifest.xml:50:25-66
77
78                <category android:name="android.intent.category.LAUNCHER" />
78-->src\main\AndroidManifest.xml:52:17-77
78-->src\main\AndroidManifest.xml:52:27-74
79            </intent-filter>
80        </activity>
81        <activity
81-->[com.karumi:dexter:6.2.1] AndroidManifest.xml:27:9-29:72
82            android:name="com.karumi.dexter.DexterActivity"
82-->[com.karumi:dexter:6.2.1] AndroidManifest.xml:28:13-60
83            android:theme="@style/Dexter.Internal.Theme.Transparent" />
83-->[com.karumi:dexter:6.2.1] AndroidManifest.xml:29:13-69
84
85        <meta-data
85-->[com.firebaseui:firebase-ui-auth:8.0.2] AndroidManifest.xml:26:9-28:69
86            android:name="com.google.android.gms.version"
86-->[com.firebaseui:firebase-ui-auth:8.0.2] AndroidManifest.xml:27:13-58
87            android:value="@integer/google_play_services_version" />
87-->[com.firebaseui:firebase-ui-auth:8.0.2] AndroidManifest.xml:28:13-66
88        <meta-data
88-->[com.firebaseui:firebase-ui-auth:8.0.2] AndroidManifest.xml:29:9-31:63
89            android:name="com.facebook.sdk.ApplicationId"
89-->[com.firebaseui:firebase-ui-auth:8.0.2] AndroidManifest.xml:30:13-58
90            android:value="@string/facebook_application_id" />
90-->[com.firebaseui:firebase-ui-auth:8.0.2] AndroidManifest.xml:31:13-60
91
92        <activity
92-->[com.firebaseui:firebase-ui-auth:8.0.2] AndroidManifest.xml:33:9-37:61
93            android:name="com.firebase.ui.auth.KickoffActivity"
93-->[com.firebaseui:firebase-ui-auth:8.0.2] AndroidManifest.xml:34:13-64
94            android:exported="false"
94-->[com.firebaseui:firebase-ui-auth:8.0.2] AndroidManifest.xml:35:13-37
95            android:label=""
95-->[com.firebaseui:firebase-ui-auth:8.0.2] AndroidManifest.xml:36:13-29
96            android:theme="@style/FirebaseUI.Transparent" />
96-->[com.firebaseui:firebase-ui-auth:8.0.2] AndroidManifest.xml:37:13-58
97        <activity
97-->[com.firebaseui:firebase-ui-auth:8.0.2] AndroidManifest.xml:38:9-42:61
98            android:name="com.firebase.ui.auth.ui.idp.SingleSignInActivity"
98-->[com.firebaseui:firebase-ui-auth:8.0.2] AndroidManifest.xml:39:13-76
99            android:exported="false"
99-->[com.firebaseui:firebase-ui-auth:8.0.2] AndroidManifest.xml:40:13-37
100            android:label=""
100-->[com.firebaseui:firebase-ui-auth:8.0.2] AndroidManifest.xml:41:13-29
101            android:theme="@style/FirebaseUI.Transparent" />
101-->[com.firebaseui:firebase-ui-auth:8.0.2] AndroidManifest.xml:42:13-58
102        <activity
102-->[com.firebaseui:firebase-ui-auth:8.0.2] AndroidManifest.xml:43:9-47:61
103            android:name="com.firebase.ui.auth.ui.credentials.CredentialSaveActivity"
103-->[com.firebaseui:firebase-ui-auth:8.0.2] AndroidManifest.xml:44:13-86
104            android:exported="false"
104-->[com.firebaseui:firebase-ui-auth:8.0.2] AndroidManifest.xml:45:13-37
105            android:label=""
105-->[com.firebaseui:firebase-ui-auth:8.0.2] AndroidManifest.xml:46:13-29
106            android:theme="@style/FirebaseUI.Transparent" />
106-->[com.firebaseui:firebase-ui-auth:8.0.2] AndroidManifest.xml:47:13-58
107        <activity
107-->[com.firebaseui:firebase-ui-auth:8.0.2] AndroidManifest.xml:48:9-52:58
108            android:name="com.firebase.ui.auth.ui.email.RecoverPasswordActivity"
108-->[com.firebaseui:firebase-ui-auth:8.0.2] AndroidManifest.xml:49:13-81
109            android:exported="false"
109-->[com.firebaseui:firebase-ui-auth:8.0.2] AndroidManifest.xml:50:13-37
110            android:label="@string/fui_title_recover_password_activity"
110-->[com.firebaseui:firebase-ui-auth:8.0.2] AndroidManifest.xml:51:13-72
111            android:windowSoftInputMode="adjustResize" />
111-->[com.firebaseui:firebase-ui-auth:8.0.2] AndroidManifest.xml:52:13-55
112        <activity
112-->[com.firebaseui:firebase-ui-auth:8.0.2] AndroidManifest.xml:53:9-57:58
113            android:name="com.firebase.ui.auth.ui.email.EmailActivity"
113-->[com.firebaseui:firebase-ui-auth:8.0.2] AndroidManifest.xml:54:13-71
114            android:exported="false"
114-->[com.firebaseui:firebase-ui-auth:8.0.2] AndroidManifest.xml:55:13-37
115            android:label="@string/fui_sign_in_default"
115-->[com.firebaseui:firebase-ui-auth:8.0.2] AndroidManifest.xml:56:13-56
116            android:windowSoftInputMode="adjustResize" />
116-->[com.firebaseui:firebase-ui-auth:8.0.2] AndroidManifest.xml:57:13-55
117        <activity
117-->[com.firebaseui:firebase-ui-auth:8.0.2] AndroidManifest.xml:58:9-62:77
118            android:name="com.firebase.ui.auth.ui.phone.PhoneActivity"
118-->[com.firebaseui:firebase-ui-auth:8.0.2] AndroidManifest.xml:59:13-71
119            android:exported="false"
119-->[com.firebaseui:firebase-ui-auth:8.0.2] AndroidManifest.xml:60:13-37
120            android:label="@string/fui_sign_in_with_phone_number"
120-->[com.firebaseui:firebase-ui-auth:8.0.2] AndroidManifest.xml:61:13-66
121            android:windowSoftInputMode="adjustResize|stateAlwaysVisible" />
121-->[com.firebaseui:firebase-ui-auth:8.0.2] AndroidManifest.xml:62:13-74
122        <activity
122-->[com.firebaseui:firebase-ui-auth:8.0.2] AndroidManifest.xml:63:9-67:58
123            android:name="com.firebase.ui.auth.ui.idp.WelcomeBackIdpPrompt"
123-->[com.firebaseui:firebase-ui-auth:8.0.2] AndroidManifest.xml:64:13-76
124            android:exported="false"
124-->[com.firebaseui:firebase-ui-auth:8.0.2] AndroidManifest.xml:65:13-37
125            android:label="@string/fui_title_welcome_back_idp_prompt"
125-->[com.firebaseui:firebase-ui-auth:8.0.2] AndroidManifest.xml:66:13-70
126            android:windowSoftInputMode="adjustResize" />
126-->[com.firebaseui:firebase-ui-auth:8.0.2] AndroidManifest.xml:67:13-55
127        <activity
127-->[com.firebaseui:firebase-ui-auth:8.0.2] AndroidManifest.xml:68:9-72:58
128            android:name="com.firebase.ui.auth.ui.email.WelcomeBackPasswordPrompt"
128-->[com.firebaseui:firebase-ui-auth:8.0.2] AndroidManifest.xml:69:13-83
129            android:exported="false"
129-->[com.firebaseui:firebase-ui-auth:8.0.2] AndroidManifest.xml:70:13-37
130            android:label="@string/fui_title_welcome_back_password_prompt"
130-->[com.firebaseui:firebase-ui-auth:8.0.2] AndroidManifest.xml:71:13-75
131            android:windowSoftInputMode="adjustResize" />
131-->[com.firebaseui:firebase-ui-auth:8.0.2] AndroidManifest.xml:72:13-55
132        <activity
132-->[com.firebaseui:firebase-ui-auth:8.0.2] AndroidManifest.xml:73:9-77:58
133            android:name="com.firebase.ui.auth.ui.email.WelcomeBackEmailLinkPrompt"
133-->[com.firebaseui:firebase-ui-auth:8.0.2] AndroidManifest.xml:74:13-84
134            android:exported="false"
134-->[com.firebaseui:firebase-ui-auth:8.0.2] AndroidManifest.xml:75:13-37
135            android:label="@string/fui_title_welcome_back_password_prompt"
135-->[com.firebaseui:firebase-ui-auth:8.0.2] AndroidManifest.xml:76:13-75
136            android:windowSoftInputMode="adjustResize" />
136-->[com.firebaseui:firebase-ui-auth:8.0.2] AndroidManifest.xml:77:13-55
137        <activity
137-->[com.firebaseui:firebase-ui-auth:8.0.2] AndroidManifest.xml:78:9-83:58
138            android:name="com.firebase.ui.auth.ui.email.EmailLinkCatcherActivity"
138-->[com.firebaseui:firebase-ui-auth:8.0.2] AndroidManifest.xml:79:13-82
139            android:exported="false"
139-->[com.firebaseui:firebase-ui-auth:8.0.2] AndroidManifest.xml:80:13-37
140            android:label=""
140-->[com.firebaseui:firebase-ui-auth:8.0.2] AndroidManifest.xml:81:13-29
141            android:theme="@style/FirebaseUI.Transparent"
141-->[com.firebaseui:firebase-ui-auth:8.0.2] AndroidManifest.xml:82:13-58
142            android:windowSoftInputMode="adjustResize" />
142-->[com.firebaseui:firebase-ui-auth:8.0.2] AndroidManifest.xml:83:13-55
143        <activity
143-->[com.firebaseui:firebase-ui-auth:8.0.2] AndroidManifest.xml:84:9-88:58
144            android:name="com.firebase.ui.auth.ui.email.EmailLinkErrorRecoveryActivity"
144-->[com.firebaseui:firebase-ui-auth:8.0.2] AndroidManifest.xml:85:13-88
145            android:exported="false"
145-->[com.firebaseui:firebase-ui-auth:8.0.2] AndroidManifest.xml:86:13-37
146            android:label="@string/fui_sign_in_default"
146-->[com.firebaseui:firebase-ui-auth:8.0.2] AndroidManifest.xml:87:13-56
147            android:windowSoftInputMode="adjustResize" />
147-->[com.firebaseui:firebase-ui-auth:8.0.2] AndroidManifest.xml:88:13-55
148        <activity
148-->[com.firebaseui:firebase-ui-auth:8.0.2] AndroidManifest.xml:89:9-92:65
149            android:name="com.firebase.ui.auth.ui.idp.AuthMethodPickerActivity"
149-->[com.firebaseui:firebase-ui-auth:8.0.2] AndroidManifest.xml:90:13-80
150            android:exported="false"
150-->[com.firebaseui:firebase-ui-auth:8.0.2] AndroidManifest.xml:91:13-37
151            android:label="@string/fui_default_toolbar_title" />
151-->[com.firebaseui:firebase-ui-auth:8.0.2] AndroidManifest.xml:92:13-62
152        <activity
152-->[com.firebaseui:firebase-ui-auth:8.0.2] AndroidManifest.xml:93:9-97:48
153            android:name="com.facebook.FacebookActivity"
153-->[com.firebaseui:firebase-ui-auth:8.0.2] AndroidManifest.xml:94:13-57
154            android:configChanges="keyboard|keyboardHidden|screenLayout|screenSize|orientation"
154-->[com.firebaseui:firebase-ui-auth:8.0.2] AndroidManifest.xml:95:13-96
155            android:label="@string/app_name" />
155-->[com.firebaseui:firebase-ui-auth:8.0.2] AndroidManifest.xml:96:13-45
156        <activity
156-->[com.firebaseui:firebase-ui-auth:8.0.2] AndroidManifest.xml:98:9-110:20
157            android:name="com.facebook.CustomTabActivity"
157-->[com.firebaseui:firebase-ui-auth:8.0.2] AndroidManifest.xml:99:13-58
158            android:exported="true" >
158-->[com.firebaseui:firebase-ui-auth:8.0.2] AndroidManifest.xml:100:13-36
159            <intent-filter>
159-->[com.firebaseui:firebase-ui-auth:8.0.2] AndroidManifest.xml:102:13-109:29
160                <action android:name="android.intent.action.VIEW" />
160-->[com.firebaseui:firebase-ui-auth:8.0.2] AndroidManifest.xml:17:13-65
160-->[com.firebaseui:firebase-ui-auth:8.0.2] AndroidManifest.xml:17:21-62
161
162                <category android:name="android.intent.category.DEFAULT" />
162-->[com.firebaseui:firebase-ui-auth:8.0.2] AndroidManifest.xml:105:17-76
162-->[com.firebaseui:firebase-ui-auth:8.0.2] AndroidManifest.xml:105:27-73
163                <category android:name="android.intent.category.BROWSABLE" />
163-->[com.firebaseui:firebase-ui-auth:8.0.2] AndroidManifest.xml:19:13-74
163-->[com.firebaseui:firebase-ui-auth:8.0.2] AndroidManifest.xml:19:23-71
164
165                <data android:scheme="@string/facebook_login_protocol_scheme" />
165-->[com.firebaseui:firebase-ui-auth:8.0.2] AndroidManifest.xml:21:13-43
165-->[com.firebaseui:firebase-ui-auth:8.0.2] AndroidManifest.xml:21:19-40
166            </intent-filter>
167        </activity>
168
169        <provider
169-->[com.firebaseui:firebase-ui-auth:8.0.2] AndroidManifest.xml:112:9-116:38
170            android:name="com.firebase.ui.auth.data.client.AuthUiInitProvider"
170-->[com.firebaseui:firebase-ui-auth:8.0.2] AndroidManifest.xml:113:13-79
171            android:authorities="com.example.cyclingapp.authuiinitprovider"
171-->[com.firebaseui:firebase-ui-auth:8.0.2] AndroidManifest.xml:114:13-70
172            android:exported="false"
172-->[com.firebaseui:firebase-ui-auth:8.0.2] AndroidManifest.xml:115:13-37
173            android:initOrder="90" />
173-->[com.firebaseui:firebase-ui-auth:8.0.2] AndroidManifest.xml:116:13-35
174
175        <activity
175-->[com.google.firebase:firebase-auth:21.0.3] AndroidManifest.xml:27:9-44:20
176            android:name="com.google.firebase.auth.internal.GenericIdpActivity"
176-->[com.google.firebase:firebase-auth:21.0.3] AndroidManifest.xml:28:13-80
177            android:excludeFromRecents="true"
177-->[com.google.firebase:firebase-auth:21.0.3] AndroidManifest.xml:29:13-46
178            android:exported="true"
178-->[com.google.firebase:firebase-auth:21.0.3] AndroidManifest.xml:30:13-36
179            android:launchMode="singleTask"
179-->[com.google.firebase:firebase-auth:21.0.3] AndroidManifest.xml:31:13-44
180            android:theme="@android:style/Theme.Translucent.NoTitleBar" >
180-->[com.google.firebase:firebase-auth:21.0.3] AndroidManifest.xml:32:13-72
181            <intent-filter>
181-->[com.google.firebase:firebase-auth:21.0.3] AndroidManifest.xml:33:13-43:29
182                <action android:name="android.intent.action.VIEW" />
182-->[com.firebaseui:firebase-ui-auth:8.0.2] AndroidManifest.xml:17:13-65
182-->[com.firebaseui:firebase-ui-auth:8.0.2] AndroidManifest.xml:17:21-62
183
184                <category android:name="android.intent.category.DEFAULT" />
184-->[com.firebaseui:firebase-ui-auth:8.0.2] AndroidManifest.xml:105:17-76
184-->[com.firebaseui:firebase-ui-auth:8.0.2] AndroidManifest.xml:105:27-73
185                <category android:name="android.intent.category.BROWSABLE" />
185-->[com.firebaseui:firebase-ui-auth:8.0.2] AndroidManifest.xml:19:13-74
185-->[com.firebaseui:firebase-ui-auth:8.0.2] AndroidManifest.xml:19:23-71
186
187                <data
187-->[com.firebaseui:firebase-ui-auth:8.0.2] AndroidManifest.xml:21:13-43
188                    android:host="firebase.auth"
189                    android:path="/"
190                    android:scheme="genericidp" />
190-->[com.firebaseui:firebase-ui-auth:8.0.2] AndroidManifest.xml:21:19-40
191            </intent-filter>
192        </activity>
193        <activity
193-->[com.google.firebase:firebase-auth:21.0.3] AndroidManifest.xml:45:9-62:20
194            android:name="com.google.firebase.auth.internal.RecaptchaActivity"
194-->[com.google.firebase:firebase-auth:21.0.3] AndroidManifest.xml:46:13-79
195            android:excludeFromRecents="true"
195-->[com.google.firebase:firebase-auth:21.0.3] AndroidManifest.xml:47:13-46
196            android:exported="true"
196-->[com.google.firebase:firebase-auth:21.0.3] AndroidManifest.xml:48:13-36
197            android:launchMode="singleTask"
197-->[com.google.firebase:firebase-auth:21.0.3] AndroidManifest.xml:49:13-44
198            android:theme="@android:style/Theme.Translucent.NoTitleBar" >
198-->[com.google.firebase:firebase-auth:21.0.3] AndroidManifest.xml:50:13-72
199            <intent-filter>
199-->[com.google.firebase:firebase-auth:21.0.3] AndroidManifest.xml:51:13-61:29
200                <action android:name="android.intent.action.VIEW" />
200-->[com.firebaseui:firebase-ui-auth:8.0.2] AndroidManifest.xml:17:13-65
200-->[com.firebaseui:firebase-ui-auth:8.0.2] AndroidManifest.xml:17:21-62
201
202                <category android:name="android.intent.category.DEFAULT" />
202-->[com.firebaseui:firebase-ui-auth:8.0.2] AndroidManifest.xml:105:17-76
202-->[com.firebaseui:firebase-ui-auth:8.0.2] AndroidManifest.xml:105:27-73
203                <category android:name="android.intent.category.BROWSABLE" />
203-->[com.firebaseui:firebase-ui-auth:8.0.2] AndroidManifest.xml:19:13-74
203-->[com.firebaseui:firebase-ui-auth:8.0.2] AndroidManifest.xml:19:23-71
204
205                <data
205-->[com.firebaseui:firebase-ui-auth:8.0.2] AndroidManifest.xml:21:13-43
206                    android:host="firebase.auth"
207                    android:path="/"
208                    android:scheme="recaptcha" />
208-->[com.firebaseui:firebase-ui-auth:8.0.2] AndroidManifest.xml:21:19-40
209            </intent-filter>
210        </activity>
211
212        <service
212-->[com.google.firebase:firebase-auth:21.0.3] AndroidManifest.xml:64:9-70:19
213            android:name="com.google.firebase.components.ComponentDiscoveryService"
213-->[com.google.firebase:firebase-auth:21.0.3] AndroidManifest.xml:65:13-84
214            android:directBootAware="true"
214-->[com.google.firebase:firebase-common:20.1.0] AndroidManifest.xml:35:13-43
215            android:exported="false" >
215-->[com.google.firebase:firebase-auth:21.0.3] AndroidManifest.xml:66:13-37
216            <meta-data
216-->[com.google.firebase:firebase-auth:21.0.3] AndroidManifest.xml:67:13-69:85
217                android:name="com.google.firebase.components:com.google.firebase.auth.FirebaseAuthRegistrar"
217-->[com.google.firebase:firebase-auth:21.0.3] AndroidManifest.xml:68:17-109
218                android:value="com.google.firebase.components.ComponentRegistrar" />
218-->[com.google.firebase:firebase-auth:21.0.3] AndroidManifest.xml:69:17-82
219            <meta-data
219-->[com.google.firebase:firebase-database:20.0.4] AndroidManifest.xml:32:13-34:85
220                android:name="com.google.firebase.components:com.google.firebase.database.DatabaseRegistrar"
220-->[com.google.firebase:firebase-database:20.0.4] AndroidManifest.xml:33:17-109
221                android:value="com.google.firebase.components.ComponentRegistrar" />
221-->[com.google.firebase:firebase-database:20.0.4] AndroidManifest.xml:34:17-82
222            <meta-data
222-->[com.google.firebase:firebase-firestore:24.1.1] AndroidManifest.xml:20:13-22:85
223                android:name="com.google.firebase.components:com.google.firebase.firestore.FirestoreRegistrar"
223-->[com.google.firebase:firebase-firestore:24.1.1] AndroidManifest.xml:21:17-111
224                android:value="com.google.firebase.components.ComponentRegistrar" />
224-->[com.google.firebase:firebase-firestore:24.1.1] AndroidManifest.xml:22:17-82
225            <meta-data
225-->[com.google.firebase:firebase-storage:20.0.0] AndroidManifest.xml:33:13-35:85
226                android:name="com.google.firebase.components:com.google.firebase.storage.StorageRegistrar"
226-->[com.google.firebase:firebase-storage:20.0.0] AndroidManifest.xml:34:17-107
227                android:value="com.google.firebase.components.ComponentRegistrar" />
227-->[com.google.firebase:firebase-storage:20.0.0] AndroidManifest.xml:35:17-82
228        </service> <!-- Needs to be explicitly declared on P+ -->
229        <uses-library
229-->[com.google.android.gms:play-services-maps:18.1.0] AndroidManifest.xml:39:9-41:40
230            android:name="org.apache.http.legacy"
230-->[com.google.android.gms:play-services-maps:18.1.0] AndroidManifest.xml:40:13-50
231            android:required="false" />
231-->[com.google.android.gms:play-services-maps:18.1.0] AndroidManifest.xml:41:13-37
232
233        <activity
233-->[com.google.android.gms:play-services-auth:20.3.0] AndroidManifest.xml:23:9-27:75
234            android:name="com.google.android.gms.auth.api.signin.internal.SignInHubActivity"
234-->[com.google.android.gms:play-services-auth:20.3.0] AndroidManifest.xml:24:13-93
235            android:excludeFromRecents="true"
235-->[com.google.android.gms:play-services-auth:20.3.0] AndroidManifest.xml:25:13-46
236            android:exported="false"
236-->[com.google.android.gms:play-services-auth:20.3.0] AndroidManifest.xml:26:13-37
237            android:theme="@android:style/Theme.Translucent.NoTitleBar" />
237-->[com.google.android.gms:play-services-auth:20.3.0] AndroidManifest.xml:27:13-72
238        <!--
239            Service handling Google Sign-In user revocation. For apps that do not integrate with
240            Google Sign-In, this service will never be started.
241        -->
242        <service
242-->[com.google.android.gms:play-services-auth:20.3.0] AndroidManifest.xml:33:9-37:51
243            android:name="com.google.android.gms.auth.api.signin.RevocationBoundService"
243-->[com.google.android.gms:play-services-auth:20.3.0] AndroidManifest.xml:34:13-89
244            android:exported="true"
244-->[com.google.android.gms:play-services-auth:20.3.0] AndroidManifest.xml:35:13-36
245            android:permission="com.google.android.gms.auth.api.signin.permission.REVOCATION_NOTIFICATION"
245-->[com.google.android.gms:play-services-auth:20.3.0] AndroidManifest.xml:36:13-107
246            android:visibleToInstantApps="true" />
246-->[com.google.android.gms:play-services-auth:20.3.0] AndroidManifest.xml:37:13-48
247
248        <activity
248-->[com.google.android.gms:play-services-base:18.1.0] AndroidManifest.xml:20:9-22:45
249            android:name="com.google.android.gms.common.api.GoogleApiActivity"
249-->[com.google.android.gms:play-services-base:18.1.0] AndroidManifest.xml:20:19-85
250            android:exported="false"
250-->[com.google.android.gms:play-services-base:18.1.0] AndroidManifest.xml:22:19-43
251            android:theme="@android:style/Theme.Translucent.NoTitleBar" />
251-->[com.google.android.gms:play-services-base:18.1.0] AndroidManifest.xml:21:19-78
252
253        <provider
253-->[com.google.firebase:firebase-common:20.1.0] AndroidManifest.xml:26:9-31:39
254            android:name="com.google.firebase.provider.FirebaseInitProvider"
254-->[com.google.firebase:firebase-common:20.1.0] AndroidManifest.xml:27:13-77
255            android:authorities="com.example.cyclingapp.firebaseinitprovider"
255-->[com.google.firebase:firebase-common:20.1.0] AndroidManifest.xml:28:13-72
256            android:directBootAware="true"
256-->[com.google.firebase:firebase-common:20.1.0] AndroidManifest.xml:29:13-43
257            android:exported="false"
257-->[com.google.firebase:firebase-common:20.1.0] AndroidManifest.xml:30:13-37
258            android:initOrder="100" />
258-->[com.google.firebase:firebase-common:20.1.0] AndroidManifest.xml:31:13-36
259        <provider
259-->[androidx.emoji2:emoji2:1.2.0] AndroidManifest.xml:24:9-32:20
260            android:name="androidx.startup.InitializationProvider"
260-->[androidx.emoji2:emoji2:1.2.0] AndroidManifest.xml:25:13-67
261            android:authorities="com.example.cyclingapp.androidx-startup"
261-->[androidx.emoji2:emoji2:1.2.0] AndroidManifest.xml:26:13-68
262            android:exported="false" >
262-->[androidx.emoji2:emoji2:1.2.0] AndroidManifest.xml:27:13-37
263            <meta-data
263-->[androidx.emoji2:emoji2:1.2.0] AndroidManifest.xml:29:13-31:52
264                android:name="androidx.emoji2.text.EmojiCompatInitializer"
264-->[androidx.emoji2:emoji2:1.2.0] AndroidManifest.xml:30:17-75
265                android:value="androidx.startup" />
265-->[androidx.emoji2:emoji2:1.2.0] AndroidManifest.xml:31:17-49
266            <meta-data
266-->[androidx.lifecycle:lifecycle-process:2.4.1] AndroidManifest.xml:31:13-33:52
267                android:name="androidx.lifecycle.ProcessLifecycleInitializer"
267-->[androidx.lifecycle:lifecycle-process:2.4.1] AndroidManifest.xml:32:17-78
268                android:value="androidx.startup" />
268-->[androidx.lifecycle:lifecycle-process:2.4.1] AndroidManifest.xml:33:17-49
269        </provider>
270
271        <uses-library
271-->[androidx.window:window:1.0.0] AndroidManifest.xml:25:9-27:40
272            android:name="androidx.window.extensions"
272-->[androidx.window:window:1.0.0] AndroidManifest.xml:26:13-54
273            android:required="false" />
273-->[androidx.window:window:1.0.0] AndroidManifest.xml:27:13-37
274        <uses-library
274-->[androidx.window:window:1.0.0] AndroidManifest.xml:28:9-30:40
275            android:name="androidx.window.sidecar"
275-->[androidx.window:window:1.0.0] AndroidManifest.xml:29:13-51
276            android:required="false" />